<?xml version="1.0" encoding="UTF-8"?>
<!-- Generated by org.testng.reporters.JUnitXMLReporter -->
<testsuite hostname="LAPTOP-Q3C4HNI3" name="SeleniumDemo1701" tests="5" failures="0" timestamp="21 Feb 2021 14:49:47 GMT" time="81.865" errors="0">
  <testcase name="loginError" time="3.285" classname="com.qizi.day3.register"/>
  <testcase name="loginSucess" time="5.793" classname="com.qizi.day3.register"/>
  <testcase name="registerCase" time="5.587" classname="com.qizi.day3.register"/>
  <testcase name="registerCaseWithPO" time="5.519" classname="com.qizi.day3.register"/>
  <testcase name="testOpen" time="8.668" classname="com.qizi.day3.register"/>
</testsuite> <!-- SeleniumDemo1701 -->
