<?xml version="1.0" encoding="UTF-8"?>
<testng-results skipped="0" failed="0" total="5" passed="5">
  <reporter-output>
  </reporter-output>
  <suite name="Default Suite" duration-ms="81865" started-at="2021-02-21T14:48:25Z" finished-at="2021-02-21T14:49:47Z">
    <groups>
    </groups>
    <test name="SeleniumDemo1701" duration-ms="81865" started-at="2021-02-21T14:48:25Z" finished-at="2021-02-21T14:49:47Z">
      <class name="com.qizi.day3.register">
        <test-method status="PASS" signature="openBrowser()[pri:0, instance:com.qizi.day3.register@3f2a3a5]" name="openBrowser" is-config="true" duration-ms="11297" started-at="2021-02-21T22:48:25Z" finished-at="2021-02-21T22:48:36Z">
          <reporter-output>
          </reporter-output>
        </test-method> <!-- openBrowser -->
        <test-method status="PASS" signature="loginError()[pri:0, instance:com.qizi.day3.register@3f2a3a5]" name="loginError" duration-ms="3285" started-at="2021-02-21T22:48:36Z" finished-at="2021-02-21T22:48:40Z">
          <reporter-output>
          </reporter-output>
        </test-method> <!-- loginError -->
        <test-method status="PASS" signature="closeBrowser()[pri:0, instance:com.qizi.day3.register@3f2a3a5]" name="closeBrowser" is-config="true" duration-ms="828" started-at="2021-02-21T22:48:40Z" finished-at="2021-02-21T22:48:41Z">
          <reporter-output>
          </reporter-output>
        </test-method> <!-- closeBrowser -->
        <test-method status="PASS" signature="openBrowser()[pri:0, instance:com.qizi.day3.register@3f2a3a5]" name="openBrowser" is-config="true" duration-ms="9525" started-at="2021-02-21T22:48:41Z" finished-at="2021-02-21T22:48:50Z">
          <reporter-output>
          </reporter-output>
        </test-method> <!-- openBrowser -->
        <test-method status="PASS" signature="loginSucess()[pri:0, instance:com.qizi.day3.register@3f2a3a5]" name="loginSucess" duration-ms="5793" started-at="2021-02-21T22:48:50Z" finished-at="2021-02-21T22:48:56Z">
          <reporter-output>
          </reporter-output>
        </test-method> <!-- loginSucess -->
        <test-method status="PASS" signature="closeBrowser()[pri:0, instance:com.qizi.day3.register@3f2a3a5]" name="closeBrowser" is-config="true" duration-ms="901" started-at="2021-02-21T22:48:56Z" finished-at="2021-02-21T22:48:57Z">
          <reporter-output>
          </reporter-output>
        </test-method> <!-- closeBrowser -->
        <test-method status="PASS" signature="openBrowser()[pri:0, instance:com.qizi.day3.register@3f2a3a5]" name="openBrowser" is-config="true" duration-ms="9074" started-at="2021-02-21T22:48:57Z" finished-at="2021-02-21T22:49:06Z">
          <reporter-output>
          </reporter-output>
        </test-method> <!-- openBrowser -->
        <test-method status="PASS" signature="registerCase()[pri:0, instance:com.qizi.day3.register@3f2a3a5]" name="registerCase" duration-ms="5587" started-at="2021-02-21T22:49:06Z" finished-at="2021-02-21T22:49:11Z">
          <reporter-output>
          </reporter-output>
        </test-method> <!-- registerCase -->
        <test-method status="PASS" signature="closeBrowser()[pri:0, instance:com.qizi.day3.register@3f2a3a5]" name="closeBrowser" is-config="true" duration-ms="889" started-at="2021-02-21T22:49:11Z" finished-at="2021-02-21T22:49:12Z">
          <reporter-output>
          </reporter-output>
        </test-method> <!-- closeBrowser -->
        <test-method status="PASS" signature="openBrowser()[pri:0, instance:com.qizi.day3.register@3f2a3a5]" name="openBrowser" is-config="true" duration-ms="9668" started-at="2021-02-21T22:49:12Z" finished-at="2021-02-21T22:49:22Z">
          <reporter-output>
          </reporter-output>
        </test-method> <!-- openBrowser -->
        <test-method status="PASS" signature="registerCaseWithPO()[pri:0, instance:com.qizi.day3.register@3f2a3a5]" name="registerCaseWithPO" duration-ms="5519" started-at="2021-02-21T22:49:22Z" finished-at="2021-02-21T22:49:27Z">
          <reporter-output>
          </reporter-output>
        </test-method> <!-- registerCaseWithPO -->
        <test-method status="PASS" signature="closeBrowser()[pri:0, instance:com.qizi.day3.register@3f2a3a5]" name="closeBrowser" is-config="true" duration-ms="838" started-at="2021-02-21T22:49:27Z" finished-at="2021-02-21T22:49:28Z">
          <reporter-output>
          </reporter-output>
        </test-method> <!-- closeBrowser -->
        <test-method status="PASS" signature="openBrowser()[pri:0, instance:com.qizi.day3.register@3f2a3a5]" name="openBrowser" is-config="true" duration-ms="9137" started-at="2021-02-21T22:49:28Z" finished-at="2021-02-21T22:49:37Z">
          <reporter-output>
          </reporter-output>
        </test-method> <!-- openBrowser -->
        <test-method status="PASS" signature="testOpen()[pri:0, instance:com.qizi.day3.register@3f2a3a5]" name="testOpen" duration-ms="8668" started-at="2021-02-21T22:49:37Z" finished-at="2021-02-21T22:49:46Z">
          <reporter-output>
          </reporter-output>
        </test-method> <!-- testOpen -->
        <test-method status="PASS" signature="closeBrowser()[pri:0, instance:com.qizi.day3.register@3f2a3a5]" name="closeBrowser" is-config="true" duration-ms="844" started-at="2021-02-21T22:49:46Z" finished-at="2021-02-21T22:49:47Z">
          <reporter-output>
          </reporter-output>
        </test-method> <!-- closeBrowser -->
      </class> <!-- com.qizi.day3.register -->
    </test> <!-- SeleniumDemo1701 -->
  </suite> <!-- Default Suite -->
</testng-results>
