<?xml version="1.0" encoding="UTF-8"?>
<testsuite xmlns:xsi="http://www.w3.org/2001/XMLSchema-instance" xsi:noNamespaceSchemaLocation="https://maven.apache.org/surefire/maven-surefire-plugin/xsd/surefire-test-report.xsd" name="TestSuite" time="82.657" tests="5" errors="0" skipped="0" failures="0">
  <properties>
[...]
</properties>
  <testcase name="loginError" classname="com.qizi.day3.register" time="3.285"/>
  <testcase name="loginSucess" classname="com.qizi.day3.register" time="5.793"/>
  <testcase name="registerCase" classname="com.qizi.day3.register" time="5.588"/>
  <testcase name="registerCaseWithPO" classname="com.qizi.day3.register" time="5.519"/>
  <testcase name="testOpen" classname="com.qizi.day3.register" time="8.668"/>
</testsuite>